2024-10-22 16:14:00.479 [http-nio-8080-exec-1] DEBUG org.example.mapper.UserMapper.selectList - ==>  Preparing: SELECT id,name FROM user ORDER BY id DESC
2024-10-22 16:14:00.498 [http-nio-8080-exec-1] DEBUG org.example.mapper.UserMapper.selectList - ==> Parameters: 
2024-10-22 16:14:00.517 [http-nio-8080-exec-1] TRACE org.example.mapper.UserMapper.selectList - <==    Columns: id, name
2024-10-22 16:14:00.517 [http-nio-8080-exec-1] TRACE org.example.mapper.UserMapper.selectList - <==        Row: 1, 玄策
2024-10-22 16:14:00.519 [http-nio-8080-exec-1] DEBUG org.example.mapper.UserMapper.selectList - <==      Total: 1
2024-10-22 16:17:29.634 [http-nio-8080-exec-1] DEBUG org.example.mapper.UserMapper.selectList - ==>  Preparing: SELECT id,name FROM user ORDER BY id DESC
2024-10-22 16:17:29.656 [http-nio-8080-exec-1] DEBUG org.example.mapper.UserMapper.selectList - ==> Parameters: 
2024-10-22 16:17:29.674 [http-nio-8080-exec-1] TRACE org.example.mapper.UserMapper.selectList - <==    Columns: id, name
2024-10-22 16:17:29.674 [http-nio-8080-exec-1] TRACE org.example.mapper.UserMapper.selectList - <==        Row: 1, 玄策
2024-10-22 16:17:29.676 [http-nio-8080-exec-1] DEBUG org.example.mapper.UserMapper.selectList - <==      Total: 1
2024-10-22 16:19:04.919 [http-nio-8080-exec-5] DEBUG org.example.mapper.UserMapper.insert - ==>  Preparing: INSERT INTO user ( id, name ) VALUES ( ?, ? )
2024-10-22 16:19:04.919 [http-nio-8080-exec-5] DEBUG org.example.mapper.UserMapper.insert - ==> Parameters: 2(Integer), 百里守约(String)
2024-10-22 16:19:04.926 [http-nio-8080-exec-5] DEBUG org.example.mapper.UserMapper.insert - <==    Updates: 1
2024-10-22 16:20:05.255 [http-nio-8080-exec-7] DEBUG org.example.mapper.UserMapper.selectList - ==>  Preparing: SELECT id,name FROM user ORDER BY id DESC
2024-10-22 16:20:05.256 [http-nio-8080-exec-7] DEBUG org.example.mapper.UserMapper.selectList - ==> Parameters: 
2024-10-22 16:20:05.256 [http-nio-8080-exec-7] TRACE org.example.mapper.UserMapper.selectList - <==    Columns: id, name
2024-10-22 16:20:05.256 [http-nio-8080-exec-7] TRACE org.example.mapper.UserMapper.selectList - <==        Row: 2, 百里守约
2024-10-22 16:20:05.257 [http-nio-8080-exec-7] TRACE org.example.mapper.UserMapper.selectList - <==        Row: 1, 玄策
2024-10-22 16:20:05.257 [http-nio-8080-exec-7] DEBUG org.example.mapper.UserMapper.selectList - <==      Total: 2
2024-10-22 16:23:05.396 [http-nio-8080-exec-4] DEBUG org.example.mapper.UserMapper.selectById - ==>  Preparing: SELECT id,name FROM user WHERE id=?
2024-10-22 16:23:05.419 [http-nio-8080-exec-4] DEBUG org.example.mapper.UserMapper.selectById - ==> Parameters: 1(Integer)
2024-10-22 16:23:05.446 [http-nio-8080-exec-4] TRACE org.example.mapper.UserMapper.selectById - <==    Columns: id, name
2024-10-22 16:23:05.447 [http-nio-8080-exec-4] TRACE org.example.mapper.UserMapper.selectById - <==        Row: 1, 玄策
2024-10-22 16:23:05.448 [http-nio-8080-exec-4] DEBUG org.example.mapper.UserMapper.selectById - <==      Total: 1
2024-10-22 16:23:58.414 [http-nio-8080-exec-5] DEBUG org.example.mapper.UserMapper.selectList - ==>  Preparing: SELECT id,name FROM user ORDER BY id DESC
2024-10-22 16:23:58.414 [http-nio-8080-exec-5] DEBUG org.example.mapper.UserMapper.selectList - ==> Parameters: 
2024-10-22 16:23:58.415 [http-nio-8080-exec-5] TRACE org.example.mapper.UserMapper.selectList - <==    Columns: id, name
2024-10-22 16:23:58.415 [http-nio-8080-exec-5] TRACE org.example.mapper.UserMapper.selectList - <==        Row: 2, 百里守约
2024-10-22 16:23:58.415 [http-nio-8080-exec-5] TRACE org.example.mapper.UserMapper.selectList - <==        Row: 1, 玄策
2024-10-22 16:23:58.415 [http-nio-8080-exec-5] DEBUG org.example.mapper.UserMapper.selectList - <==      Total: 2
2024-10-22 16:24:15.744 [http-nio-8080-exec-7] DEBUG org.example.mapper.UserMapper.updateById - ==>  Preparing: UPDATE user SET name=? WHERE id=?
2024-10-22 16:24:15.745 [http-nio-8080-exec-7] DEBUG org.example.mapper.UserMapper.updateById - ==> Parameters: 百里玄策(String), 1(Integer)
2024-10-22 16:24:15.759 [http-nio-8080-exec-7] DEBUG org.example.mapper.UserMapper.updateById - <==    Updates: 1
2024-10-22 16:24:20.367 [http-nio-8080-exec-8] DEBUG org.example.mapper.UserMapper.selectList - ==>  Preparing: SELECT id,name FROM user ORDER BY id DESC
2024-10-22 16:24:20.368 [http-nio-8080-exec-8] DEBUG org.example.mapper.UserMapper.selectList - ==> Parameters: 
2024-10-22 16:24:20.369 [http-nio-8080-exec-8] TRACE org.example.mapper.UserMapper.selectList - <==    Columns: id, name
2024-10-22 16:24:20.369 [http-nio-8080-exec-8] TRACE org.example.mapper.UserMapper.selectList - <==        Row: 2, 百里守约
2024-10-22 16:24:20.369 [http-nio-8080-exec-8] TRACE org.example.mapper.UserMapper.selectList - <==        Row: 1, 百里玄策
2024-10-22 16:24:20.369 [http-nio-8080-exec-8] DEBUG org.example.mapper.UserMapper.selectList - <==      Total: 2
2024-10-22 16:24:45.164 [http-nio-8080-exec-9] DEBUG org.example.mapper.UserMapper.selectList - ==>  Preparing: SELECT id,name FROM user WHERE (name LIKE ?) ORDER BY id DESC
2024-10-22 16:24:45.164 [http-nio-8080-exec-9] DEBUG org.example.mapper.UserMapper.selectList - ==> Parameters: %百里%(String)
2024-10-22 16:24:45.177 [http-nio-8080-exec-9] TRACE org.example.mapper.UserMapper.selectList - <==    Columns: id, name
2024-10-22 16:24:45.178 [http-nio-8080-exec-9] TRACE org.example.mapper.UserMapper.selectList - <==        Row: 2, 百里守约
2024-10-22 16:24:45.178 [http-nio-8080-exec-9] TRACE org.example.mapper.UserMapper.selectList - <==        Row: 1, 百里玄策
2024-10-22 16:24:45.178 [http-nio-8080-exec-9] DEBUG org.example.mapper.UserMapper.selectList - <==      Total: 2
2024-10-22 16:25:08.020 [http-nio-8080-exec-10] DEBUG org.example.mapper.UserMapper.insert - ==>  Preparing: INSERT INTO user ( id, name ) VALUES ( ?, ? )
2024-10-22 16:25:08.021 [http-nio-8080-exec-10] DEBUG org.example.mapper.UserMapper.insert - ==> Parameters: 3(Integer), 百里落尘(String)
2024-10-22 16:25:08.059 [http-nio-8080-exec-10] DEBUG org.example.mapper.UserMapper.insert - <==    Updates: 1
2024-10-22 16:25:12.360 [http-nio-8080-exec-1] DEBUG org.example.mapper.UserMapper.selectList - ==>  Preparing: SELECT id,name FROM user ORDER BY id DESC
2024-10-22 16:25:12.360 [http-nio-8080-exec-1] DEBUG org.example.mapper.UserMapper.selectList - ==> Parameters: 
2024-10-22 16:25:12.361 [http-nio-8080-exec-1] TRACE org.example.mapper.UserMapper.selectList - <==    Columns: id, name
2024-10-22 16:25:12.361 [http-nio-8080-exec-1] TRACE org.example.mapper.UserMapper.selectList - <==        Row: 3, 百里落尘
2024-10-22 16:25:12.361 [http-nio-8080-exec-1] TRACE org.example.mapper.UserMapper.selectList - <==        Row: 2, 百里守约
2024-10-22 16:25:12.361 [http-nio-8080-exec-1] TRACE org.example.mapper.UserMapper.selectList - <==        Row: 1, 百里玄策
2024-10-22 16:25:12.361 [http-nio-8080-exec-1] DEBUG org.example.mapper.UserMapper.selectList - <==      Total: 3
2024-10-22 16:25:21.967 [http-nio-8080-exec-2] DEBUG org.example.mapper.UserMapper.deleteById - ==>  Preparing: DELETE FROM user WHERE id=?
2024-10-22 16:25:21.967 [http-nio-8080-exec-2] DEBUG org.example.mapper.UserMapper.deleteById - ==> Parameters: 3(Integer)
2024-10-22 16:25:21.989 [http-nio-8080-exec-2] DEBUG org.example.mapper.UserMapper.deleteById - <==    Updates: 1
2024-10-22 16:25:25.590 [http-nio-8080-exec-3] DEBUG org.example.mapper.UserMapper.selectList - ==>  Preparing: SELECT id,name FROM user ORDER BY id DESC
2024-10-22 16:25:25.590 [http-nio-8080-exec-3] DEBUG org.example.mapper.UserMapper.selectList - ==> Parameters: 
2024-10-22 16:25:25.591 [http-nio-8080-exec-3] TRACE org.example.mapper.UserMapper.selectList - <==    Columns: id, name
2024-10-22 16:25:25.591 [http-nio-8080-exec-3] TRACE org.example.mapper.UserMapper.selectList - <==        Row: 2, 百里守约
2024-10-22 16:25:25.592 [http-nio-8080-exec-3] TRACE org.example.mapper.UserMapper.selectList - <==        Row: 1, 百里玄策
2024-10-22 16:25:25.592 [http-nio-8080-exec-3] DEBUG org.example.mapper.UserMapper.selectList - <==      Total: 2
2024-10-22 16:29:23.213 [http-nio-8080-exec-1] DEBUG org.example.mapper.UserMapper.insert - ==>  Preparing: INSERT INTO user ( id, name ) VALUES ( ?, ? )
2024-10-22 16:29:23.238 [http-nio-8080-exec-1] DEBUG org.example.mapper.UserMapper.insert - ==> Parameters: 2(Integer), 百里落尘(String)
2024-10-22 16:32:28.494 [http-nio-8080-exec-1] DEBUG org.example.mapper.UserMapper.insert - ==>  Preparing: INSERT INTO user ( id, name ) VALUES ( ?, ? )
2024-10-22 16:32:28.521 [http-nio-8080-exec-1] DEBUG org.example.mapper.UserMapper.insert - ==> Parameters: 2(Integer), 百里落尘(String)
2024-10-22 16:34:13.861 [http-nio-8080-exec-3] DEBUG org.example.mapper.UserMapper.insert - ==>  Preparing: INSERT INTO user ( id ) VALUES ( ? )
2024-10-22 16:34:13.862 [http-nio-8080-exec-3] DEBUG org.example.mapper.UserMapper.insert - ==> Parameters: 3(Integer)
2024-10-22 16:46:58.793 [http-nio-8080-exec-3] DEBUG org.example.mapper.UserMapper.selectList - ==>  Preparing: SELECT id,name FROM user ORDER BY id DESC
2024-10-22 16:46:58.816 [http-nio-8080-exec-3] DEBUG org.example.mapper.UserMapper.selectList - ==> Parameters: 
2024-10-22 16:46:58.852 [http-nio-8080-exec-3] TRACE org.example.mapper.UserMapper.selectList - <==    Columns: id, name
2024-10-22 16:46:58.852 [http-nio-8080-exec-3] TRACE org.example.mapper.UserMapper.selectList - <==        Row: 2, 百里守约
2024-10-22 16:46:58.854 [http-nio-8080-exec-3] TRACE org.example.mapper.UserMapper.selectList - <==        Row: 1, 百里玄策
2024-10-22 16:46:58.855 [http-nio-8080-exec-3] DEBUG org.example.mapper.UserMapper.selectList - <==      Total: 2
2024-10-22 16:59:15.041 [http-nio-8080-exec-2] DEBUG org.example.mapper.UserMapper.selectList - ==>  Preparing: SELECT id,name FROM user ORDER BY id DESC
2024-10-22 16:59:15.062 [http-nio-8080-exec-2] DEBUG org.example.mapper.UserMapper.selectList - ==> Parameters: 
2024-10-22 16:59:15.082 [http-nio-8080-exec-2] TRACE org.example.mapper.UserMapper.selectList - <==    Columns: id, name
2024-10-22 16:59:15.082 [http-nio-8080-exec-2] TRACE org.example.mapper.UserMapper.selectList - <==        Row: 2, 百里守约
2024-10-22 16:59:15.085 [http-nio-8080-exec-2] TRACE org.example.mapper.UserMapper.selectList - <==        Row: 1, 百里玄策
2024-10-22 16:59:15.085 [http-nio-8080-exec-2] DEBUG org.example.mapper.UserMapper.selectList - <==      Total: 2
2024-10-22 17:00:14.353 [http-nio-8080-exec-6] DEBUG org.example.mapper.UserMapper.selectList - ==>  Preparing: SELECT id,name FROM user ORDER BY id DESC
2024-10-22 17:00:14.353 [http-nio-8080-exec-6] DEBUG org.example.mapper.UserMapper.selectList - ==> Parameters: 
2024-10-22 17:00:14.354 [http-nio-8080-exec-6] TRACE org.example.mapper.UserMapper.selectList - <==    Columns: id, name
2024-10-22 17:00:14.354 [http-nio-8080-exec-6] TRACE org.example.mapper.UserMapper.selectList - <==        Row: 2, 百里守约
2024-10-22 17:00:14.354 [http-nio-8080-exec-6] TRACE org.example.mapper.UserMapper.selectList - <==        Row: 1, 百里玄策
2024-10-22 17:00:14.354 [http-nio-8080-exec-6] DEBUG org.example.mapper.UserMapper.selectList - <==      Total: 2
2024-10-22 17:01:32.305 [http-nio-8080-exec-10] DEBUG org.example.mapper.UserMapper.selectList - ==>  Preparing: SELECT id,name FROM user ORDER BY id DESC
2024-10-22 17:01:32.305 [http-nio-8080-exec-10] DEBUG org.example.mapper.UserMapper.selectList - ==> Parameters: 
2024-10-22 17:01:32.306 [http-nio-8080-exec-10] TRACE org.example.mapper.UserMapper.selectList - <==    Columns: id, name
2024-10-22 17:01:32.307 [http-nio-8080-exec-10] TRACE org.example.mapper.UserMapper.selectList - <==        Row: 2, 百里守约
2024-10-22 17:01:32.307 [http-nio-8080-exec-10] TRACE org.example.mapper.UserMapper.selectList - <==        Row: 1, 百里玄策
2024-10-22 17:01:32.307 [http-nio-8080-exec-10] DEBUG org.example.mapper.UserMapper.selectList - <==      Total: 2
2024-10-22 17:01:34.057 [http-nio-8080-exec-9] DEBUG org.example.mapper.UserMapper.selectList - ==>  Preparing: SELECT id,name FROM user ORDER BY id DESC
2024-10-22 17:01:34.057 [http-nio-8080-exec-9] DEBUG org.example.mapper.UserMapper.selectList - ==> Parameters: 
2024-10-22 17:01:34.057 [http-nio-8080-exec-9] TRACE org.example.mapper.UserMapper.selectList - <==    Columns: id, name
2024-10-22 17:01:34.058 [http-nio-8080-exec-9] TRACE org.example.mapper.UserMapper.selectList - <==        Row: 2, 百里守约
2024-10-22 17:01:34.058 [http-nio-8080-exec-9] TRACE org.example.mapper.UserMapper.selectList - <==        Row: 1, 百里玄策
2024-10-22 17:01:34.059 [http-nio-8080-exec-9] DEBUG org.example.mapper.UserMapper.selectList - <==      Total: 2
2024-10-22 17:02:21.290 [http-nio-8080-exec-1] DEBUG org.example.mapper.UserMapper.selectList - ==>  Preparing: SELECT id,name FROM user ORDER BY id DESC
2024-10-22 17:02:21.309 [http-nio-8080-exec-1] DEBUG org.example.mapper.UserMapper.selectList - ==> Parameters: 
2024-10-22 17:02:21.326 [http-nio-8080-exec-1] TRACE org.example.mapper.UserMapper.selectList - <==    Columns: id, name
2024-10-22 17:02:21.326 [http-nio-8080-exec-1] TRACE org.example.mapper.UserMapper.selectList - <==        Row: 2, 百里守约
2024-10-22 17:02:21.328 [http-nio-8080-exec-1] TRACE org.example.mapper.UserMapper.selectList - <==        Row: 1, 百里玄策
2024-10-22 17:02:21.328 [http-nio-8080-exec-1] DEBUG org.example.mapper.UserMapper.selectList - <==      Total: 2
2024-10-22 17:06:48.605 [http-nio-8080-exec-1] DEBUG org.example.mapper.UserMapper.selectList - ==>  Preparing: SELECT id,name FROM user ORDER BY id DESC
2024-10-22 17:06:48.624 [http-nio-8080-exec-1] DEBUG org.example.mapper.UserMapper.selectList - ==> Parameters: 
2024-10-22 17:06:48.641 [http-nio-8080-exec-1] TRACE org.example.mapper.UserMapper.selectList - <==    Columns: id, name
2024-10-22 17:06:48.641 [http-nio-8080-exec-1] TRACE org.example.mapper.UserMapper.selectList - <==        Row: 2, 百里守约
2024-10-22 17:06:48.643 [http-nio-8080-exec-1] TRACE org.example.mapper.UserMapper.selectList - <==        Row: 1, 百里玄策
2024-10-22 17:06:48.644 [http-nio-8080-exec-1] DEBUG org.example.mapper.UserMapper.selectList - <==      Total: 2
2024-10-22 17:11:36.757 [http-nio-8080-exec-4] DEBUG org.example.mapper.UserMapper.selectList - ==>  Preparing: SELECT id,name FROM user ORDER BY id DESC
2024-10-22 17:11:36.777 [http-nio-8080-exec-4] DEBUG org.example.mapper.UserMapper.selectList - ==> Parameters: 
2024-10-22 17:11:36.796 [http-nio-8080-exec-4] TRACE org.example.mapper.UserMapper.selectList - <==    Columns: id, name
2024-10-22 17:11:36.797 [http-nio-8080-exec-4] TRACE org.example.mapper.UserMapper.selectList - <==        Row: 2, 百里守约
2024-10-22 17:11:36.799 [http-nio-8080-exec-4] TRACE org.example.mapper.UserMapper.selectList - <==        Row: 1, 百里玄策
2024-10-22 17:11:36.799 [http-nio-8080-exec-4] DEBUG org.example.mapper.UserMapper.selectList - <==      Total: 2
2024-10-22 17:12:57.211 [http-nio-8080-exec-4] DEBUG org.example.mapper.UserMapper.selectList - ==>  Preparing: SELECT id,name FROM user ORDER BY id DESC
2024-10-22 17:12:57.231 [http-nio-8080-exec-4] DEBUG org.example.mapper.UserMapper.selectList - ==> Parameters: 
2024-10-22 17:12:57.250 [http-nio-8080-exec-4] TRACE org.example.mapper.UserMapper.selectList - <==    Columns: id, name
2024-10-22 17:12:57.250 [http-nio-8080-exec-4] TRACE org.example.mapper.UserMapper.selectList - <==        Row: 2, 百里守约
2024-10-22 17:12:57.252 [http-nio-8080-exec-4] TRACE org.example.mapper.UserMapper.selectList - <==        Row: 1, 百里玄策
2024-10-22 17:12:57.252 [http-nio-8080-exec-4] DEBUG org.example.mapper.UserMapper.selectList - <==      Total: 2
2024-10-22 17:13:56.276 [http-nio-8080-exec-1] DEBUG org.example.mapper.UserMapper.selectList - ==>  Preparing: SELECT id,name FROM user ORDER BY id DESC
2024-10-22 17:13:56.298 [http-nio-8080-exec-1] DEBUG org.example.mapper.UserMapper.selectList - ==> Parameters: 
2024-10-22 17:13:56.316 [http-nio-8080-exec-1] TRACE org.example.mapper.UserMapper.selectList - <==    Columns: id, name
2024-10-22 17:13:56.316 [http-nio-8080-exec-1] TRACE org.example.mapper.UserMapper.selectList - <==        Row: 2, 百里守约
2024-10-22 17:13:56.318 [http-nio-8080-exec-1] TRACE org.example.mapper.UserMapper.selectList - <==        Row: 1, 百里玄策
2024-10-22 17:13:56.319 [http-nio-8080-exec-1] DEBUG org.example.mapper.UserMapper.selectList - <==      Total: 2
2024-10-22 17:15:20.831 [http-nio-8080-exec-1] DEBUG org.example.mapper.UserMapper.selectList - ==>  Preparing: SELECT id,name FROM user ORDER BY id DESC
2024-10-22 17:15:20.850 [http-nio-8080-exec-1] DEBUG org.example.mapper.UserMapper.selectList - ==> Parameters: 
2024-10-22 17:15:20.868 [http-nio-8080-exec-1] TRACE org.example.mapper.UserMapper.selectList - <==    Columns: id, name
2024-10-22 17:15:20.869 [http-nio-8080-exec-1] TRACE org.example.mapper.UserMapper.selectList - <==        Row: 2, 百里守约
2024-10-22 17:15:20.871 [http-nio-8080-exec-1] TRACE org.example.mapper.UserMapper.selectList - <==        Row: 1, 百里玄策
2024-10-22 17:15:20.872 [http-nio-8080-exec-1] DEBUG org.example.mapper.UserMapper.selectList - <==      Total: 2
2024-10-22 17:15:38.377 [http-nio-8080-exec-2] DEBUG org.example.mapper.UserMapper.selectList - ==>  Preparing: SELECT id,name FROM user WHERE (name LIKE ?) ORDER BY id DESC
2024-10-22 17:15:38.378 [http-nio-8080-exec-2] DEBUG org.example.mapper.UserMapper.selectList - ==> Parameters: %百里%(String)
2024-10-22 17:15:38.380 [http-nio-8080-exec-2] TRACE org.example.mapper.UserMapper.selectList - <==    Columns: id, name
2024-10-22 17:15:38.380 [http-nio-8080-exec-2] TRACE org.example.mapper.UserMapper.selectList - <==        Row: 2, 百里守约
2024-10-22 17:15:38.380 [http-nio-8080-exec-2] TRACE org.example.mapper.UserMapper.selectList - <==        Row: 1, 百里玄策
2024-10-22 17:15:38.380 [http-nio-8080-exec-2] DEBUG org.example.mapper.UserMapper.selectList - <==      Total: 2
2024-10-22 17:17:32.300 [http-nio-8080-exec-1] DEBUG org.example.mapper.UserMapper.selectList - ==>  Preparing: SELECT id,name FROM user WHERE (name LIKE ?) ORDER BY id DESC
2024-10-22 17:17:32.323 [http-nio-8080-exec-1] DEBUG org.example.mapper.UserMapper.selectList - ==> Parameters: %百里%(String)
2024-10-22 17:17:32.341 [http-nio-8080-exec-1] TRACE org.example.mapper.UserMapper.selectList - <==    Columns: id, name
2024-10-22 17:17:32.341 [http-nio-8080-exec-1] TRACE org.example.mapper.UserMapper.selectList - <==        Row: 2, 百里守约
2024-10-22 17:17:32.343 [http-nio-8080-exec-1] TRACE org.example.mapper.UserMapper.selectList - <==        Row: 1, 百里玄策
2024-10-22 17:17:32.343 [http-nio-8080-exec-1] DEBUG org.example.mapper.UserMapper.selectList - <==      Total: 2
2024-10-22 17:26:30.991 [http-nio-8080-exec-4] DEBUG org.example.mapper.UserMapper.selectList - ==>  Preparing: SELECT id,name FROM user WHERE (name LIKE ?) ORDER BY id DESC
2024-10-22 17:26:31.014 [http-nio-8080-exec-4] DEBUG org.example.mapper.UserMapper.selectList - ==> Parameters: %百里%(String)
2024-10-22 17:26:31.032 [http-nio-8080-exec-4] TRACE org.example.mapper.UserMapper.selectList - <==    Columns: id, name
2024-10-22 17:26:31.033 [http-nio-8080-exec-4] TRACE org.example.mapper.UserMapper.selectList - <==        Row: 2, 百里守约
2024-10-22 17:26:31.034 [http-nio-8080-exec-4] TRACE org.example.mapper.UserMapper.selectList - <==        Row: 1, 百里玄策
2024-10-22 17:26:31.034 [http-nio-8080-exec-4] DEBUG org.example.mapper.UserMapper.selectList - <==      Total: 2
2024-10-22 17:28:38.017 [http-nio-8080-exec-2] DEBUG org.example.mapper.UserMapper.selectList - ==>  Preparing: SELECT id,name FROM user WHERE (name LIKE ?) ORDER BY id DESC
2024-10-22 17:28:38.039 [http-nio-8080-exec-2] DEBUG org.example.mapper.UserMapper.selectList - ==> Parameters: %百里%(String)
2024-10-22 17:28:38.057 [http-nio-8080-exec-2] TRACE org.example.mapper.UserMapper.selectList - <==    Columns: id, name
2024-10-22 17:28:38.057 [http-nio-8080-exec-2] TRACE org.example.mapper.UserMapper.selectList - <==        Row: 2, 百里守约
2024-10-22 17:28:38.058 [http-nio-8080-exec-2] TRACE org.example.mapper.UserMapper.selectList - <==        Row: 1, 百里玄策
2024-10-22 17:28:38.058 [http-nio-8080-exec-2] DEBUG org.example.mapper.UserMapper.selectList - <==      Total: 2
2024-10-22 17:34:12.822 [http-nio-8080-exec-1] DEBUG org.example.mapper.UserMapper.updateById - ==>  Preparing: UPDATE user WHERE id=?
2024-10-22 17:34:12.845 [http-nio-8080-exec-1] DEBUG org.example.mapper.UserMapper.updateById - ==> Parameters: 1(Integer)
2024-10-22 17:36:31.485 [http-nio-8080-exec-1] DEBUG org.example.mapper.UserMapper.updateById - ==>  Preparing: UPDATE user WHERE id=?
2024-10-22 17:36:31.509 [http-nio-8080-exec-1] DEBUG org.example.mapper.UserMapper.updateById - ==> Parameters: 1(Integer)
2024-10-22 17:37:13.316 [http-nio-8080-exec-4] DEBUG org.example.mapper.UserMapper.insert - ==>  Preparing: INSERT INTO user ( id ) VALUES ( ? )
2024-10-22 17:37:13.317 [http-nio-8080-exec-4] DEBUG org.example.mapper.UserMapper.insert - ==> Parameters: 4(Integer)
2024-10-22 17:38:37.349 [http-nio-8080-exec-1] DEBUG org.example.mapper.UserMapper.insert - ==>  Preparing: INSERT INTO user ( id ) VALUES ( ? )
2024-10-22 17:38:37.371 [http-nio-8080-exec-1] DEBUG org.example.mapper.UserMapper.insert - ==> Parameters: 4(Integer)
2024-10-22 17:54:48.389 [http-nio-8080-exec-3] DEBUG org.example.mapper.UserMapper.selectList - ==>  Preparing: SELECT id,name FROM user ORDER BY id DESC
2024-10-22 17:54:48.407 [http-nio-8080-exec-3] DEBUG org.example.mapper.UserMapper.selectList - ==> Parameters: 
2024-10-22 17:54:48.425 [http-nio-8080-exec-3] TRACE org.example.mapper.UserMapper.selectList - <==    Columns: id, name
2024-10-22 17:54:48.425 [http-nio-8080-exec-3] TRACE org.example.mapper.UserMapper.selectList - <==        Row: 2, 百里守约
2024-10-22 17:54:48.427 [http-nio-8080-exec-3] TRACE org.example.mapper.UserMapper.selectList - <==        Row: 1, 百里玄策
2024-10-22 17:54:48.427 [http-nio-8080-exec-3] DEBUG org.example.mapper.UserMapper.selectList - <==      Total: 2
2024-10-22 17:54:51.969 [http-nio-8080-exec-6] DEBUG org.example.mapper.UserMapper.selectList - ==>  Preparing: SELECT id,name FROM user WHERE (name LIKE ?) ORDER BY id DESC
2024-10-22 17:54:51.970 [http-nio-8080-exec-6] DEBUG org.example.mapper.UserMapper.selectList - ==> Parameters: %百里%(String)
2024-10-22 17:54:51.971 [http-nio-8080-exec-6] TRACE org.example.mapper.UserMapper.selectList - <==    Columns: id, name
2024-10-22 17:54:51.971 [http-nio-8080-exec-6] TRACE org.example.mapper.UserMapper.selectList - <==        Row: 2, 百里守约
2024-10-22 17:54:51.972 [http-nio-8080-exec-6] TRACE org.example.mapper.UserMapper.selectList - <==        Row: 1, 百里玄策
2024-10-22 17:54:51.972 [http-nio-8080-exec-6] DEBUG org.example.mapper.UserMapper.selectList - <==      Total: 2
2024-10-22 17:54:54.914 [http-nio-8080-exec-7] DEBUG org.example.mapper.UserMapper.selectById - ==>  Preparing: SELECT id,name FROM user WHERE id=?
2024-10-22 17:54:54.914 [http-nio-8080-exec-7] DEBUG org.example.mapper.UserMapper.selectById - ==> Parameters: 1(Integer)
2024-10-22 17:54:54.915 [http-nio-8080-exec-7] TRACE org.example.mapper.UserMapper.selectById - <==    Columns: id, name
2024-10-22 17:54:54.916 [http-nio-8080-exec-7] TRACE org.example.mapper.UserMapper.selectById - <==        Row: 1, 百里玄策
2024-10-22 17:54:54.916 [http-nio-8080-exec-7] DEBUG org.example.mapper.UserMapper.selectById - <==      Total: 1
